\BOOKMARK [0][-]{chapter.1}{\376\377\000P\000r\000e\000f\000a\000c\000e}{}% 1
\BOOKMARK [1][-]{section.1.1}{\376\377\000A\000b\000o\000u\000t}{chapter.1}% 2
\BOOKMARK [1][-]{section.1.2}{\376\377\000M\000o\000t\000i\000v\000a\000t\000i\000o\000n\000\040\000f\000o\000r\000\040\000t\000h\000i\000s\000\040\000t\000u\000t\000o\000r\000i\000a\000l}{chapter.1}% 3
\BOOKMARK [1][-]{section.1.3}{\376\377\000C\000o\000p\000y\000r\000i\000g\000h\000t\000\040\000n\000o\000t\000i\000c\000e\000\040\000a\000n\000d\000\040\000l\000i\000c\000e\000n\000s\000e\000\040\000i\000n\000f\000o}{chapter.1}% 4
\BOOKMARK [1][-]{section.1.4}{\376\377\000A\000c\000k\000n\000o\000w\000l\000e\000d\000g\000e\000m\000e\000n\000t}{chapter.1}% 5
\BOOKMARK [1][-]{section.1.5}{\376\377\000F\000e\000e\000d\000b\000a\000c\000k\000\040\000a\000n\000d\000\040\000s\000u\000g\000g\000e\000s\000t\000i\000o\000n\000s}{chapter.1}% 6
\BOOKMARK [0][-]{chapter.2}{\376\377\000W\000h\000y\000\040\000S\000p\000a\000r\000k\000\040\000w\000i\000t\000h\000\040\000P\000y\000t\000h\000o\000n\000\040\000?}{}% 7
\BOOKMARK [1][-]{section.2.1}{\376\377\000W\000h\000y\000\040\000S\000p\000a\000r\000k\000?}{chapter.2}% 8
\BOOKMARK [1][-]{section.2.2}{\376\377\000W\000h\000y\000\040\000S\000p\000a\000r\000k\000\040\000w\000i\000t\000h\000\040\000P\000y\000t\000h\000o\000n\000\040\000\050\000P\000y\000S\000p\000a\000r\000k\000\051\000?}{chapter.2}% 9
\BOOKMARK [0][-]{chapter.3}{\376\377\000C\000o\000n\000f\000i\000g\000u\000r\000e\000\040\000R\000u\000n\000n\000i\000n\000g\000\040\000P\000l\000a\000t\000f\000o\000r\000m}{}% 10
\BOOKMARK [1][-]{section.3.1}{\376\377\000R\000u\000n\000\040\000o\000n\000\040\000D\000a\000t\000a\000b\000r\000i\000c\000k\000s\000\040\000C\000o\000m\000m\000u\000n\000i\000t\000y\000\040\000C\000l\000o\000u\000d}{chapter.3}% 11
\BOOKMARK [1][-]{section.3.2}{\376\377\000C\000o\000n\000f\000i\000g\000u\000r\000e\000\040\000S\000p\000a\000r\000k\000\040\000o\000n\000\040\000M\000a\000c\000\040\000a\000n\000d\000\040\000U\000b\000u\000n\000t\000u}{chapter.3}% 12
\BOOKMARK [1][-]{section.3.3}{\376\377\000C\000o\000n\000f\000i\000g\000u\000r\000e\000\040\000S\000p\000a\000r\000k\000\040\000o\000n\000\040\000W\000i\000n\000d\000o\000w\000s}{chapter.3}% 13
\BOOKMARK [1][-]{section.3.4}{\376\377\000P\000y\000S\000p\000a\000r\000k\000\040\000W\000i\000t\000h\000\040\000T\000e\000x\000t\000\040\000E\000d\000i\000t\000o\000r\000\040\000o\000r\000\040\000I\000D\000E}{chapter.3}% 14
\BOOKMARK [1][-]{section.3.5}{\376\377\000P\000y\000S\000p\000a\000r\000k\000l\000i\000n\000g\000\040\000W\000a\000t\000e\000r\000:\000\040\000S\000p\000a\000r\000k\000\040\000+\000\040\000H\0002\000O}{chapter.3}% 15
\BOOKMARK [1][-]{section.3.6}{\376\377\000S\000e\000t\000\040\000u\000p\000\040\000S\000p\000a\000r\000k\000\040\000o\000n\000\040\000C\000l\000o\000u\000d}{chapter.3}% 16
\BOOKMARK [1][-]{section.3.7}{\376\377\000D\000e\000m\000o\000\040\000C\000o\000d\000e\000\040\000i\000n\000\040\000t\000h\000i\000s\000\040\000S\000e\000c\000t\000i\000o\000n}{chapter.3}% 17
\BOOKMARK [0][-]{chapter.4}{\376\377\000A\000n\000\040\000I\000n\000t\000r\000o\000d\000u\000c\000t\000i\000o\000n\000\040\000t\000o\000\040\000A\000p\000a\000c\000h\000e\000\040\000S\000p\000a\000r\000k}{}% 18
\BOOKMARK [1][-]{section.4.1}{\376\377\000C\000o\000r\000e\000\040\000C\000o\000n\000c\000e\000p\000t\000s}{chapter.4}% 19
\BOOKMARK [1][-]{section.4.2}{\376\377\000S\000p\000a\000r\000k\000\040\000C\000o\000m\000p\000o\000n\000e\000n\000t\000s}{chapter.4}% 20
\BOOKMARK [1][-]{section.4.3}{\376\377\000A\000r\000c\000h\000i\000t\000e\000c\000t\000u\000r\000e}{chapter.4}% 21
\BOOKMARK [1][-]{section.4.4}{\376\377\000H\000o\000w\000\040\000S\000p\000a\000r\000k\000\040\000W\000o\000r\000k\000s\000?}{chapter.4}% 22
\BOOKMARK [0][-]{chapter.5}{\376\377\000P\000r\000o\000g\000r\000a\000m\000m\000i\000n\000g\000\040\000w\000i\000t\000h\000\040\000R\000D\000D\000s}{}% 23
\BOOKMARK [1][-]{section.5.1}{\376\377\000C\000r\000e\000a\000t\000e\000\040\000R\000D\000D}{chapter.5}% 24
\BOOKMARK [1][-]{section.5.2}{\376\377\000S\000p\000a\000r\000k\000\040\000O\000p\000e\000r\000a\000t\000i\000o\000n\000s}{chapter.5}% 25
\BOOKMARK [1][-]{section.5.3}{\376\377\000r\000d\000d\000.\000D\000a\000t\000a\000F\000r\000a\000m\000e\000\040\000v\000s\000\040\000p\000d\000.\000D\000a\000t\000a\000F\000r\000a\000m\000e}{chapter.5}% 26
\BOOKMARK [0][-]{chapter.6}{\376\377\000S\000t\000a\000t\000i\000s\000t\000i\000c\000s\000\040\000P\000r\000e\000l\000i\000m\000i\000n\000a\000r\000y}{}% 27
\BOOKMARK [1][-]{section.6.1}{\376\377\000N\000o\000t\000a\000t\000i\000o\000n\000s}{chapter.6}% 28
\BOOKMARK [1][-]{section.6.2}{\376\377\000M\000e\000a\000s\000u\000r\000e\000m\000e\000n\000t\000\040\000F\000o\000r\000m\000u\000l\000a}{chapter.6}% 29
\BOOKMARK [1][-]{section.6.3}{\376\377\000S\000t\000a\000t\000i\000s\000t\000i\000c\000a\000l\000\040\000T\000e\000s\000t\000s}{chapter.6}% 30
\BOOKMARK [0][-]{chapter.7}{\376\377\000D\000a\000t\000a\000\040\000E\000x\000p\000l\000o\000r\000a\000t\000i\000o\000n}{}% 31
\BOOKMARK [1][-]{section.7.1}{\376\377\000U\000n\000i\000v\000a\000r\000i\000a\000t\000e\000\040\000A\000n\000a\000l\000y\000s\000i\000s}{chapter.7}% 32
\BOOKMARK [1][-]{section.7.2}{\376\377\000M\000u\000l\000t\000i\000v\000a\000r\000i\000a\000t\000e\000\040\000A\000n\000a\000l\000y\000s\000i\000s}{chapter.7}% 33
\BOOKMARK [0][-]{chapter.8}{\376\377\000R\000e\000g\000r\000e\000s\000s\000i\000o\000n}{}% 34
\BOOKMARK [1][-]{section.8.1}{\376\377\000L\000i\000n\000e\000a\000r\000\040\000R\000e\000g\000r\000e\000s\000s\000i\000o\000n}{chapter.8}% 35
\BOOKMARK [1][-]{section.8.2}{\376\377\000G\000e\000n\000e\000r\000a\000l\000i\000z\000e\000d\000\040\000l\000i\000n\000e\000a\000r\000\040\000r\000e\000g\000r\000e\000s\000s\000i\000o\000n}{chapter.8}% 36
\BOOKMARK [1][-]{section.8.3}{\376\377\000D\000e\000c\000i\000s\000i\000o\000n\000\040\000t\000r\000e\000e\000\040\000R\000e\000g\000r\000e\000s\000s\000i\000o\000n}{chapter.8}% 37
\BOOKMARK [1][-]{section.8.4}{\376\377\000R\000a\000n\000d\000o\000m\000\040\000F\000o\000r\000e\000s\000t\000\040\000R\000e\000g\000r\000e\000s\000s\000i\000o\000n}{chapter.8}% 38
\BOOKMARK [1][-]{section.8.5}{\376\377\000G\000r\000a\000d\000i\000e\000n\000t\000-\000b\000o\000o\000s\000t\000e\000d\000\040\000t\000r\000e\000e\000\040\000r\000e\000g\000r\000e\000s\000s\000i\000o\000n}{chapter.8}% 39
\BOOKMARK [0][-]{chapter.9}{\376\377\000R\000e\000g\000u\000l\000a\000r\000i\000z\000a\000t\000i\000o\000n}{}% 40
\BOOKMARK [1][-]{section.9.1}{\376\377\000O\000r\000d\000i\000n\000a\000r\000y\000\040\000l\000e\000a\000s\000t\000\040\000s\000q\000u\000a\000r\000e\000s\000\040\000r\000e\000g\000r\000e\000s\000s\000i\000o\000n}{chapter.9}% 41
\BOOKMARK [1][-]{section.9.2}{\376\377\000R\000i\000d\000g\000e\000\040\000r\000e\000g\000r\000e\000s\000s\000i\000o\000n}{chapter.9}% 42
\BOOKMARK [1][-]{section.9.3}{\376\377\000L\000e\000a\000s\000t\000\040\000A\000b\000s\000o\000l\000u\000t\000e\000\040\000S\000h\000r\000i\000n\000k\000a\000g\000e\000\040\000a\000n\000d\000\040\000S\000e\000l\000e\000c\000t\000i\000o\000n\000\040\000O\000p\000e\000r\000a\000t\000o\000r\000\040\000\050\000L\000A\000S\000S\000O\000\051}{chapter.9}% 43
\BOOKMARK [1][-]{section.9.4}{\376\377\000E\000l\000a\000s\000t\000i\000c\000\040\000n\000e\000t}{chapter.9}% 44
\BOOKMARK [0][-]{chapter.10}{\376\377\000C\000l\000a\000s\000s\000i\000f\000i\000c\000a\000t\000i\000o\000n}{}% 45
\BOOKMARK [1][-]{section.10.1}{\376\377\000B\000i\000n\000o\000m\000i\000a\000l\000\040\000l\000o\000g\000i\000s\000t\000i\000c\000\040\000r\000e\000g\000r\000e\000s\000s\000i\000o\000n}{chapter.10}% 46
\BOOKMARK [1][-]{section.10.2}{\376\377\000M\000u\000l\000t\000i\000n\000o\000m\000i\000a\000l\000\040\000l\000o\000g\000i\000s\000t\000i\000c\000\040\000r\000e\000g\000r\000e\000s\000s\000i\000o\000n}{chapter.10}% 47
\BOOKMARK [1][-]{section.10.3}{\376\377\000D\000e\000c\000i\000s\000i\000o\000n\000\040\000t\000r\000e\000e\000\040\000C\000l\000a\000s\000s\000i\000f\000i\000c\000a\000t\000i\000o\000n}{chapter.10}% 48
\BOOKMARK [1][-]{section.10.4}{\376\377\000R\000a\000n\000d\000o\000m\000\040\000f\000o\000r\000e\000s\000t\000\040\000C\000l\000a\000s\000s\000i\000f\000i\000c\000a\000t\000i\000o\000n}{chapter.10}% 49
\BOOKMARK [1][-]{section.10.5}{\376\377\000G\000r\000a\000d\000i\000e\000n\000t\000-\000b\000o\000o\000s\000t\000e\000d\000\040\000t\000r\000e\000e\000\040\000C\000l\000a\000s\000s\000i\000f\000i\000c\000a\000t\000i\000o\000n}{chapter.10}% 50
\BOOKMARK [1][-]{section.10.6}{\376\377\000X\000G\000B\000o\000o\000s\000t\000:\000\040\000G\000r\000a\000d\000i\000e\000n\000t\000-\000b\000o\000o\000s\000t\000e\000d\000\040\000t\000r\000e\000e\000\040\000C\000l\000a\000s\000s\000i\000f\000i\000c\000a\000t\000i\000o\000n}{chapter.10}% 51
\BOOKMARK [1][-]{section.10.7}{\376\377\000N\000a\000i\000v\000e\000\040\000B\000a\000y\000e\000s\000\040\000C\000l\000a\000s\000s\000i\000f\000i\000c\000a\000t\000i\000o\000n}{chapter.10}% 52
\BOOKMARK [0][-]{chapter.11}{\376\377\000C\000l\000u\000s\000t\000e\000r\000i\000n\000g}{}% 53
\BOOKMARK [1][-]{section.11.1}{\376\377\000K\000-\000M\000e\000a\000n\000s\000\040\000M\000o\000d\000e\000l}{chapter.11}% 54
\BOOKMARK [0][-]{chapter.12}{\376\377\000R\000F\000M\000\040\000A\000n\000a\000l\000y\000s\000i\000s}{}% 55
\BOOKMARK [1][-]{section.12.1}{\376\377\000R\000F\000M\000\040\000A\000n\000a\000l\000y\000s\000i\000s\000\040\000M\000e\000t\000h\000o\000d\000o\000l\000o\000g\000y}{chapter.12}% 56
\BOOKMARK [1][-]{section.12.2}{\376\377\000D\000e\000m\000o}{chapter.12}% 57
\BOOKMARK [1][-]{section.12.3}{\376\377\000E\000x\000t\000e\000n\000s\000i\000o\000n}{chapter.12}% 58
\BOOKMARK [0][-]{chapter.13}{\376\377\000T\000e\000x\000t\000\040\000M\000i\000n\000i\000n\000g}{}% 59
\BOOKMARK [1][-]{section.13.1}{\376\377\000T\000e\000x\000t\000\040\000C\000o\000l\000l\000e\000c\000t\000i\000o\000n}{chapter.13}% 60
\BOOKMARK [1][-]{section.13.2}{\376\377\000T\000e\000x\000t\000\040\000P\000r\000e\000p\000r\000o\000c\000e\000s\000s\000i\000n\000g}{chapter.13}% 61
\BOOKMARK [1][-]{section.13.3}{\376\377\000T\000e\000x\000t\000\040\000C\000l\000a\000s\000s\000i\000f\000i\000c\000a\000t\000i\000o\000n}{chapter.13}% 62
\BOOKMARK [1][-]{section.13.4}{\376\377\000S\000e\000n\000t\000i\000m\000e\000n\000t\000\040\000a\000n\000a\000l\000y\000s\000i\000s}{chapter.13}% 63
\BOOKMARK [1][-]{section.13.5}{\376\377\000N\000-\000g\000r\000a\000m\000s\000\040\000a\000n\000d\000\040\000C\000o\000r\000r\000e\000l\000a\000t\000i\000o\000n\000s}{chapter.13}% 64
\BOOKMARK [1][-]{section.13.6}{\376\377\000T\000o\000p\000i\000c\000\040\000M\000o\000d\000e\000l\000:\000\040\000L\000a\000t\000e\000n\000t\000\040\000D\000i\000r\000i\000c\000h\000l\000e\000t\000\040\000A\000l\000l\000o\000c\000a\000t\000i\000o\000n}{chapter.13}% 65
\BOOKMARK [0][-]{chapter.14}{\376\377\000S\000o\000c\000i\000a\000l\000\040\000N\000e\000t\000w\000o\000r\000k\000\040\000A\000n\000a\000l\000y\000s\000i\000s}{}% 66
\BOOKMARK [1][-]{section.14.1}{\376\377\000I\000n\000t\000r\000o\000d\000u\000c\000t\000i\000o\000n}{chapter.14}% 67
\BOOKMARK [1][-]{section.14.2}{\376\377\000C\000o\000-\000o\000c\000c\000u\000r\000r\000e\000n\000c\000e\000\040\000N\000e\000t\000w\000o\000r\000k}{chapter.14}% 68
\BOOKMARK [1][-]{section.14.3}{\376\377\000A\000p\000p\000e\000n\000d\000i\000x\000:\000\040\000m\000a\000t\000r\000i\000x\000\040\000m\000u\000l\000t\000i\000p\000l\000i\000c\000a\000t\000i\000o\000n\000\040\000i\000n\000\040\000P\000y\000S\000p\000a\000r\000k}{chapter.14}% 69
\BOOKMARK [1][-]{section.14.4}{\376\377\000C\000o\000r\000r\000e\000l\000a\000t\000i\000o\000n\000\040\000N\000e\000t\000w\000o\000r\000k}{chapter.14}% 70
\BOOKMARK [0][-]{chapter.15}{\376\377\000A\000L\000S\000:\000\040\000S\000t\000o\000c\000k\000\040\000P\000o\000r\000t\000f\000o\000l\000i\000o\000\040\000R\000e\000c\000o\000m\000m\000e\000n\000d\000a\000t\000i\000o\000n\000s}{}% 71
\BOOKMARK [1][-]{section.15.1}{\376\377\000R\000e\000c\000o\000m\000m\000e\000n\000d\000e\000r\000\040\000s\000y\000s\000t\000e\000m\000s}{chapter.15}% 72
\BOOKMARK [1][-]{section.15.2}{\376\377\000A\000l\000t\000e\000r\000n\000a\000t\000i\000n\000g\000\040\000L\000e\000a\000s\000t\000\040\000S\000q\000u\000a\000r\000e\000s}{chapter.15}% 73
\BOOKMARK [1][-]{section.15.3}{\376\377\000D\000e\000m\000o}{chapter.15}% 74
\BOOKMARK [0][-]{chapter.16}{\376\377\000M\000o\000n\000t\000e\000\040\000C\000a\000r\000l\000o\000\040\000S\000i\000m\000u\000l\000a\000t\000i\000o\000n}{}% 75
\BOOKMARK [1][-]{section.16.1}{\376\377\000S\000i\000m\000u\000l\000a\000t\000i\000n\000g\000\040\000C\000a\000s\000i\000n\000o\000\040\000W\000i\000n}{chapter.16}% 76
\BOOKMARK [1][-]{section.16.2}{\376\377\000S\000i\000m\000u\000l\000a\000t\000i\000n\000g\000\040\000a\000\040\000R\000a\000n\000d\000o\000m\000\040\000W\000a\000l\000k}{chapter.16}% 77
\BOOKMARK [0][-]{chapter.17}{\376\377\000M\000a\000r\000k\000o\000v\000\040\000C\000h\000a\000i\000n\000\040\000M\000o\000n\000t\000e\000\040\000C\000a\000r\000l\000o}{}% 78
\BOOKMARK [1][-]{section.17.1}{\376\377\000M\000e\000t\000r\000o\000p\000o\000l\000i\000s\000\040\000a\000l\000g\000o\000r\000i\000t\000h\000m}{chapter.17}% 79
\BOOKMARK [1][-]{section.17.2}{\376\377\000A\000\040\000T\000o\000y\000\040\000E\000x\000a\000m\000p\000l\000e\000\040\000o\000f\000\040\000M\000e\000t\000r\000o\000p\000o\000l\000i\000s}{chapter.17}% 80
\BOOKMARK [1][-]{section.17.3}{\376\377\000D\000e\000m\000o\000s}{chapter.17}% 81
\BOOKMARK [0][-]{chapter.18}{\376\377\000N\000e\000u\000r\000a\000l\000\040\000N\000e\000t\000w\000o\000r\000k}{}% 82
\BOOKMARK [1][-]{section.18.1}{\376\377\000F\000e\000e\000d\000f\000o\000r\000w\000a\000r\000d\000\040\000N\000e\000u\000r\000a\000l\000\040\000N\000e\000t\000w\000o\000r\000k}{chapter.18}% 83
\BOOKMARK [0][-]{chapter.19}{\376\377\000M\000y\000\040\000P\000y\000S\000p\000a\000r\000k\000\040\000P\000a\000c\000k\000a\000g\000e}{}% 84
\BOOKMARK [1][-]{section.19.1}{\376\377\000H\000i\000e\000r\000a\000r\000c\000h\000i\000c\000a\000l\000\040\000S\000t\000r\000u\000c\000t\000u\000r\000e}{chapter.19}% 85
\BOOKMARK [1][-]{section.19.2}{\376\377\000S\000e\000t\000\040\000U\000p}{chapter.19}% 86
\BOOKMARK [1][-]{section.19.3}{\376\377\000R\000e\000a\000d\000M\000e}{chapter.19}% 87
\BOOKMARK [0][-]{chapter.20}{\376\377\000M\000y\000\040\000C\000h\000e\000a\000t\000\040\000S\000h\000e\000e\000t}{}% 88
\BOOKMARK [0][-]{chapter.21}{\376\377\000P\000y\000S\000p\000a\000r\000k\000\040\000A\000P\000I}{}% 89
\BOOKMARK [1][-]{section.21.1}{\376\377\000S\000t\000a\000t\000\040\000A\000P\000I}{chapter.21}% 90
\BOOKMARK [1][-]{section.21.2}{\376\377\000R\000e\000g\000r\000e\000s\000s\000i\000o\000n\000\040\000A\000P\000I}{chapter.21}% 91
\BOOKMARK [1][-]{section.21.3}{\376\377\000C\000l\000a\000s\000s\000i\000f\000i\000c\000a\000t\000i\000o\000n\000\040\000A\000P\000I}{chapter.21}% 92
\BOOKMARK [1][-]{section.21.4}{\376\377\000C\000l\000u\000s\000t\000e\000r\000i\000n\000g\000\040\000A\000P\000I}{chapter.21}% 93
\BOOKMARK [1][-]{section.21.5}{\376\377\000R\000e\000c\000o\000m\000m\000e\000n\000d\000a\000t\000i\000o\000n\000\040\000A\000P\000I}{chapter.21}% 94
\BOOKMARK [1][-]{section.21.6}{\376\377\000P\000i\000p\000e\000l\000i\000n\000e\000\040\000A\000P\000I}{chapter.21}% 95
\BOOKMARK [1][-]{section.21.7}{\376\377\000T\000u\000n\000i\000n\000g\000\040\000A\000P\000I}{chapter.21}% 96
\BOOKMARK [1][-]{section.21.8}{\376\377\000E\000v\000a\000l\000u\000a\000t\000i\000o\000n\000\040\000A\000P\000I}{chapter.21}% 97
\BOOKMARK [0][-]{chapter.22}{\376\377\000M\000a\000i\000n\000\040\000R\000e\000f\000e\000r\000e\000n\000c\000e}{}% 98
\BOOKMARK [0][-]{chapter*.439}{\376\377\000B\000i\000b\000l\000i\000o\000g\000r\000a\000p\000h\000y}{}% 99
\BOOKMARK [0][-]{section*.440}{\376\377\000P\000y\000t\000h\000o\000n\000\040\000M\000o\000d\000u\000l\000e\000\040\000I\000n\000d\000e\000x}{}% 100
\BOOKMARK [0][-]{section*.441}{\376\377\000I\000n\000d\000e\000x}{}% 101
